23:47:14.177 [main] INFO  sample.DASHBOARD_01 - clicked on dashboard login button
11:56:48.450 [main] INFO  sample.PAYMENT_REQUEST - clicked on  money request
11:56:49.384 [main] INFO  sample.PAYMENT_REQUEST - clicked on  money New Payment
11:56:49.488 [main] INFO  sample.PAYMENT_REQUEST - written accno
11:56:49.650 [main] INFO  sample.PAYMENT_REQUEST - written currency id
11:56:49.740 [main] INFO  sample.PAYMENT_REQUEST - written currency id_2
11:56:49.865 [main] INFO  sample.PAYMENT_REQUEST - written notes paragraph
11:56:51.512 [main] INFO  sample.PAYMENT_REQUEST - clicked on submit
11:56:58.464 [main] INFO  sample.PAYMENT_REQUEST - clicked on  money request
11:56:59.611 [main] INFO  sample.PAYMENT_REQUEST - clicked on  money New Payment
11:56:59.699 [main] INFO  sample.PAYMENT_REQUEST - written accno
11:56:59.870 [main] INFO  sample.PAYMENT_REQUEST - written currency id
11:56:59.947 [main] INFO  sample.PAYMENT_REQUEST - written currency id_2
11:57:00.064 [main] INFO  sample.PAYMENT_REQUEST - written notes paragraph
11:57:02.171 [main] INFO  sample.PAYMENT_REQUEST - clicked on submit
11:57:09.040 [main] INFO  sample.PAYMENT_REQUEST - clicked on  money request
11:57:09.962 [main] INFO  sample.PAYMENT_REQUEST - clicked on  money New Payment
11:57:10.087 [main] INFO  sample.PAYMENT_REQUEST - written accno
11:57:10.243 [main] INFO  sample.PAYMENT_REQUEST - written currency id
11:57:10.311 [main] INFO  sample.PAYMENT_REQUEST - written currency id_2
11:57:10.420 [main] INFO  sample.PAYMENT_REQUEST - written notes paragraph
11:57:12.135 [main] INFO  sample.PAYMENT_REQUEST - clicked on submit
11:57:18.937 [main] INFO  sample.PAYMENT_REQUEST - clicked on  money request
11:57:19.795 [main] INFO  sample.PAYMENT_REQUEST - clicked on  money New Payment
11:57:19.899 [main] INFO  sample.PAYMENT_REQUEST - written accno
11:57:20.042 [main] INFO  sample.PAYMENT_REQUEST - written currency id
11:57:20.113 [main] INFO  sample.PAYMENT_REQUEST - written currency id_2
11:57:20.218 [main] INFO  sample.PAYMENT_REQUEST - written notes paragraph
11:57:21.958 [main] INFO  sample.PAYMENT_REQUEST - clicked on submit
11:57:29.485 [main] INFO  sample.PAYMENT_REQUEST - clicked on  money request
11:57:30.422 [main] INFO  sample.PAYMENT_REQUEST - clicked on  money New Payment
11:57:30.516 [main] INFO  sample.PAYMENT_REQUEST - written accno
11:57:30.652 [main] INFO  sample.PAYMENT_REQUEST - written currency id
11:57:30.732 [main] INFO  sample.PAYMENT_REQUEST - written currency id_2
11:57:30.846 [main] INFO  sample.PAYMENT_REQUEST - written notes paragraph
11:57:32.318 [main] INFO  sample.PAYMENT_REQUEST - clicked on submit
11:57:39.237 [main] INFO  sample.PAYMENT_REQUEST - clicked on  money request
11:57:40.272 [main] INFO  sample.PAYMENT_REQUEST - clicked on  money New Payment
11:57:40.369 [main] INFO  sample.PAYMENT_REQUEST - written accno
11:57:40.521 [main] INFO  sample.PAYMENT_REQUEST - written currency id
11:57:40.606 [main] INFO  sample.PAYMENT_REQUEST - written currency id_2
11:57:40.721 [main] INFO  sample.PAYMENT_REQUEST - written notes paragraph
11:57:42.261 [main] INFO  sample.PAYMENT_REQUEST - clicked on submit
11:57:48.539 [main] INFO  sample.PAYMENT_REQUEST - clicked on  money request
11:57:49.448 [main] INFO  sample.PAYMENT_REQUEST - clicked on  money New Payment
11:57:49.534 [main] INFO  sample.PAYMENT_REQUEST - written accno
11:57:49.683 [main] INFO  sample.PAYMENT_REQUEST - written currency id
11:57:49.763 [main] INFO  sample.PAYMENT_REQUEST - written currency id_2
11:57:49.876 [main] INFO  sample.PAYMENT_REQUEST - written notes paragraph
11:57:51.412 [main] INFO  sample.PAYMENT_REQUEST - clicked on submit
11:57:58.121 [main] INFO  sample.PAYMENT_REQUEST - clicked on  money request
11:57:59.229 [main] INFO  sample.PAYMENT_REQUEST - clicked on  money New Payment
11:57:59.320 [main] INFO  sample.PAYMENT_REQUEST - written accno
11:57:59.507 [main] INFO  sample.PAYMENT_REQUEST - written currency id
11:57:59.609 [main] INFO  sample.PAYMENT_REQUEST - written currency id_2
11:57:59.717 [main] INFO  sample.PAYMENT_REQUEST - written notes paragraph
11:58:01.718 [main] INFO  sample.PAYMENT_REQUEST - clicked on submit
